#
# There is insufficient memory for the Java Runtime Environment to continue.
# Native memory allocation (mmap) failed to map 65536 bytes for Failed to commit metaspace.
# Possible reasons:
#   The system is out of physical RAM or swap space
#   The process is running with CompressedOops enabled, and the Java Heap may be blocking the growth of the native heap
# Possible solutions:
#   Reduce memory load on the system
#   Increase physical memory or swap space
#   Check if swap backing store is full
#   Decrease Java heap size (-Xmx/-Xms)
#   Decrease number of Java threads
#   Decrease Java thread stack sizes (-Xss)
#   Set larger code cache with -XX:ReservedCodeCacheSize=
#   JVM is running with Unscaled Compressed Oops mode in which the Java heap is
#     placed in the first 4GB address space. The Java Heap base address is the
#     maximum limit for the native heap growth. Please use -XX:HeapBaseMinAddress
#     to set the Java Heap base and to place the Java Heap above 4GB virtual address.
# This output file may be truncated or incomplete.
#
#  Out of Memory Error (virtualSpaceNode.cpp:110), pid=21900, tid=11304
#
# JRE version: OpenJDK Runtime Environment Temurin-17.0.6+10 (17.0.6+10) (build 17.0.6+10)
# Java VM: OpenJDK 64-Bit Server VM Temurin-17.0.6+10 (17.0.6+10, mixed mode, tiered, compressed oops, compressed class ptrs, parallel gc, windows-amd64)
# No core dump will be written. Minidumps are not enabled by default on client versions of Windows
#

---------------  S U M M A R Y ------------

Command Line: --add-modules=ALL-SYSTEM --add-opens=java.base/java.util=ALL-UNNAMED --add-opens=java.base/java.lang=ALL-UNNAMED --add-opens=java.base/sun.nio.fs=ALL-UNNAMED -Declipse.application=org.eclipse.jdt.ls.core.id1 -Dosgi.bundles.defaultStartLevel=4 -Declipse.product=org.eclipse.jdt.ls.core.product -Djava.import.generatesMetadataFilesAtProjectRoot=false -Dfile.encoding=utf8 -XX:+UseParallelGC -XX:GCTimeRatio=4 -XX:AdaptiveSizePolicyWeight=90 -Dsun.zip.disableMemoryMapping=true -Xmx1G -Xms100m -Xlog:disable -javaagent:d:\Users\parin5435\.vscode\extensions\redhat.java-1.16.0-win32-x64\lombok\lombok-1.18.24.jar -XX:+HeapDumpOnOutOfMemoryError -XX:HeapDumpPath=d:\Users\parin5435\AppData\Roaming\Code\User\workspaceStorage\5d96c069bd6834806d15f9ca08a3e1eb\redhat.java d:\Users\parin5435\.vscode\extensions\redhat.java-1.16.0-win32-x64\server\plugins\org.eclipse.equinox.launcher_1.6.400.v20210924-0641.jar -configuration d:\Users\parin5435\AppData\Roaming\Code\User\globalStorage\redhat.java\1.16.0\config_win -data d:\Users\parin5435\AppData\Roaming\Code\User\workspaceStorage\5d96c069bd6834806d15f9ca08a3e1eb\redhat.java\jdt_ws

Host: Intel(R) Core(TM) i5-1035G1 CPU @ 1.00GHz, 8 cores, 7G,  Windows 11 , 64 bit Build 22000 (10.0.22000.434)
Time: Wed Apr 26 11:58:57 2023 India Standard Time elapsed time: 1.128732 seconds (0d 0h 0m 1s)

---------------  T H R E A D  ---------------

Current thread (0x000001a728fb8250):  JavaThread "main" [_thread_in_vm, id=11304, stack(0x00000078db800000,0x00000078db900000)]

Stack: [0x00000078db800000,0x00000078db900000]
Native frames: (J=compiled Java code, j=interpreted, Vv=VM code, C=native code)
V  [jvm.dll+0x67741a]
V  [jvm.dll+0x834434]
V  [jvm.dll+0x835bde]
V  [jvm.dll+0x836243]
V  [jvm.dll+0x2457b5]
V  [jvm.dll+0x8304cb]
V  [jvm.dll+0x61bca6]
V  [jvm.dll+0x1c05fe]
V  [jvm.dll+0x61e5f1]
V  [jvm.dll+0x61c646]
V  [jvm.dll+0x24320c]
V  [jvm.dll+0x6cd84d]
V  [jvm.dll+0x6ce27f]
V  [jvm.dll+0x36fd73]
V  [jvm.dll+0x36ef52]
V  [jvm.dll+0x36eef8]
V  [jvm.dll+0x37ed0a]
C  0x000001a73318ae05

Java frames: (J=compiled Java code, j=interpreted, Vv=VM code)
j  sun.security.provider.SunEntries.<clinit>()V+12 java.base@17.0.6
v  ~StubRoutines::call_stub
j  sun.security.provider.Sun.<init>()V+13 java.base@17.0.6
j  sun.security.jca.ProviderConfig.getProvider()Ljava/security/Provider;+67 java.base@17.0.6
j  sun.security.jca.ProviderList.getProvider(I)Ljava/security/Provider;+6 java.base@17.0.6
j  sun.security.jca.ProviderList.getIndex(Ljava/lang/String;)I+13 java.base@17.0.6
j  sun.security.jca.ProviderList.getProviderConfig(Ljava/lang/String;)Lsun/security/jca/ProviderConfig;+2 java.base@17.0.6
j  sun.security.jca.ProviderList.getProvider(Ljava/lang/String;)Ljava/security/Provider;+2 java.base@17.0.6
j  sun.security.jca.Providers.startJarVerification()Ljava/lang/Object;+15 java.base@17.0.6
j  sun.security.util.SignatureFileVerifier.<init>(Ljava/util/ArrayList;Lsun/security/util/ManifestDigester;Ljava/lang/String;[B)V+28 java.base@17.0.6
j  java.util.jar.JarVerifier.processEntry(Lsun/security/util/ManifestEntryVerifier;)V+322 java.base@17.0.6
j  java.util.jar.JarVerifier.update(I[BIILsun/security/util/ManifestEntryVerifier;)V+39 java.base@17.0.6
j  java.util.jar.JarFile.initializeVerifier()V+163 java.base@17.0.6
j  java.util.jar.JarFile.ensureInitialization()V+41 java.base@17.0.6
j  java.util.jar.JavaUtilJarAccessImpl.ensureInitialization(Ljava/util/jar/JarFile;)V+1 java.base@17.0.6
j  jdk.internal.loader.URLClassPath$JarLoader$2.getManifest()Ljava/util/jar/Manifest;+10 java.base@17.0.6
j  jdk.internal.loader.BuiltinClassLoader.defineClass(Ljava/lang/String;Ljdk/internal/loader/Resource;)Ljava/lang/Class;+29 java.base@17.0.6
j  jdk.internal.loader.BuiltinClassLoader.findClassOnClassPathOrNull(Ljava/lang/String;)Ljava/lang/Class;+37 java.base@17.0.6
j  jdk.internal.loader.BuiltinClassLoader.loadClassOrNull(Ljava/lang/String;Z)Ljava/lang/Class;+111 java.base@17.0.6
j  jdk.internal.loader.BuiltinClassLoader.loadClass(Ljava/lang/String;Z)Ljava/lang/Class;+3 java.base@17.0.6
j  jdk.internal.loader.ClassLoaders$AppClassLoader.loadClass(Ljava/lang/String;Z)Ljava/lang/Class;+36 java.base@17.0.6
j  java.lang.ClassLoader.loadClass(Ljava/lang/String;)Ljava/lang/Class;+3 java.base@17.0.6
v  ~StubRoutines::call_stub
j  java.lang.Class.forName0(Ljava/lang/String;ZLjava/lang/ClassLoader;Ljava/lang/Class;)Ljava/lang/Class;+0 java.base@17.0.6
j  java.lang.Class.forName(Ljava/lang/String;ZLjava/lang/ClassLoader;)Ljava/lang/Class;+43 java.base@17.0.6
j  sun.launcher.LauncherHelper.loadMainClass(ILjava/lang/String;)Ljava/lang/Class;+95 java.base@17.0.6
j  sun.launcher.LauncherHelper.checkAndLoadMain(ZILjava/lang/String;)Ljava/lang/Class;+42 java.base@17.0.6
v  ~StubRoutines::call_stub

---------------  P R O C E S S  ---------------

Threads class SMR info:
_java_thread_list=0x000001a73ec4d490, length=12, elements={
0x000001a728fb8250, 0x000001a73ce39030, 0x000001a73ce39b70, 0x000001a73e948f20,
0x000001a73e949f80, 0x000001a73e94a840, 0x000001a73e94b100, 0x000001a73e94bcf0,
0x000001a73e98d550, 0x000001a73e9c4790, 0x000001a73eabc6c0, 0x000001a73ec48520
}

Java Threads: ( => current thread )
=>0x000001a728fb8250 JavaThread "main" [_thread_in_vm, id=11304, stack(0x00000078db800000,0x00000078db900000)]
  0x000001a73ce39030 JavaThread "Reference Handler" daemon [_thread_blocked, id=12616, stack(0x00000078dbb00000,0x00000078dbc00000)]
  0x000001a73ce39b70 JavaThread "Finalizer" daemon [_thread_blocked, id=21800, stack(0x00000078dbc00000,0x00000078dbd00000)]
  0x000001a73e948f20 JavaThread "Signal Dispatcher" daemon [_thread_blocked, id=20276, stack(0x00000078dbd00000,0x00000078dbe00000)]
  0x000001a73e949f80 JavaThread "Attach Listener" daemon [_thread_blocked, id=6780, stack(0x00000078dbe00000,0x00000078dbf00000)]
  0x000001a73e94a840 JavaThread "Service Thread" daemon [_thread_blocked, id=18300, stack(0x00000078dbf00000,0x00000078dc000000)]
  0x000001a73e94b100 JavaThread "Monitor Deflation Thread" daemon [_thread_blocked, id=9444, stack(0x00000078dc000000,0x00000078dc100000)]
  0x000001a73e94bcf0 JavaThread "C2 CompilerThread0" daemon [_thread_blocked, id=9696, stack(0x00000078dc100000,0x00000078dc200000)]
  0x000001a73e98d550 JavaThread "C1 CompilerThread0" daemon [_thread_blocked, id=21656, stack(0x00000078dc200000,0x00000078dc300000)]
  0x000001a73e9c4790 JavaThread "Sweeper thread" daemon [_thread_blocked, id=21212, stack(0x00000078dc300000,0x00000078dc400000)]
  0x000001a73eabc6c0 JavaThread "Common-Cleaner" daemon [_thread_blocked, id=15716, stack(0x00000078dc400000,0x00000078dc500000)]
  0x000001a73ec48520 JavaThread "Notification Thread" daemon [_thread_blocked, id=12928, stack(0x00000078dc500000,0x00000078dc600000)]

Other Threads:
  0x000001a73e920c20 VMThread "VM Thread" [stack: 0x00000078dba00000,0x00000078dbb00000] [id=16740]
  0x000001a73ebfa4f0 WatcherThread [stack: 0x00000078dc600000,0x00000078dc700000] [id=24360]
  0x000001a728fc5a20 GCTaskThread "GC Thread#0" [stack: 0x00000078db900000,0x00000078dba00000] [id=15084]

Threads with active compile tasks:

VM state: not at safepoint (normal execution)

VM Mutex/Monitor currently owned by a thread:  ([mutex/lock_event])
[0x000001a728fb33f0] Metaspace_lock - owner thread: 0x000001a728fb8250

Heap address: 0x00000000c0000000, size: 1024 MB, Compressed Oops mode: 32-bit

CDS archive(s) not mapped
Compressed class space mapped at: 0x0000000100000000-0x0000000140000000, reserved size: 1073741824
Narrow klass base: 0x0000000000000000, Narrow klass shift: 3, Narrow klass range: 0x140000000

GC Precious Log:
 CPUs: 8 total, 8 available
 Memory: 7987M
 Large Page Support: Disabled
 NUMA Support: Disabled
 Compressed Oops: Enabled (32-bit)
 Alignments: Space 512K, Generation 512K, Heap 2M
 Heap Min Capacity: 100M
 Heap Initial Capacity: 100M
 Heap Max Capacity: 1G
 Pre-touch: Disabled
 Parallel Workers: 8

Heap:
 PSYoungGen      total 29696K, used 7945K [0x00000000eab00000, 0x00000000ecc00000, 0x0000000100000000)
  eden space 25600K, 31% used [0x00000000eab00000,0x00000000eb2c27c8,0x00000000ec400000)
  from space 4096K, 0% used [0x00000000ec800000,0x00000000ec800000,0x00000000ecc00000)
  to   space 4096K, 0% used [0x00000000ec400000,0x00000000ec400000,0x00000000ec800000)
 ParOldGen       total 68608K, used 0K [0x00000000c0000000, 0x00000000c4300000, 0x00000000eab00000)
  object space 68608K, 0% used [0x00000000c0000000,0x00000000c0000000,0x00000000c4300000)
 Metaspace       used 6496K, committed 6592K, reserved 1056768K
  class space    used 636K, committed 704K, reserved 1048576K

Card table byte_map: [0x000001a728960000,0x000001a728b70000] _byte_map_base: 0x000001a728360000

Marking Bits: (ParMarkBitMap*) 0x00007ff9ec283e70
 Begin Bits: [0x000001a73ac40000, 0x000001a73bc40000)
 End Bits:   [0x000001a73bc40000, 0x000001a73cc40000)

Polling page: 0x000001a726f30000

Metaspace:

Usage:
  Non-class:      5.72 MB used.
      Class:    636.38 KB used.
       Both:      6.34 MB used.

Virtual space:
  Non-class space:        8.00 MB reserved,       5.75 MB ( 72%) committed,  1 nodes.
      Class space:        1.00 GB reserved,     704.00 KB ( <1%) committed,  1 nodes.
             Both:        1.01 GB reserved,       6.44 MB ( <1%) committed. 

Chunk freelists:
   Non-Class:  2.02 MB
       Class:  3.22 MB
        Both:  5.23 MB

MaxMetaspaceSize: unlimited
CompressedClassSpaceSize: 1.00 GB
Initial GC threshold: 21.00 MB
Current GC threshold: 21.00 MB
CDS: off
MetaspaceReclaimPolicy: balanced
 - commit_granule_bytes: 65536.
 - commit_granule_words: 8192.
 - virtual_space_node_default_size: 1048576.
 - enlarge_chunks_in_place: 1.
 - new_chunks_are_fully_committed: 0.
 - uncommit_free_chunks: 1.
 - use_allocation_guard: 0.
 - handle_deallocations: 1.


Internal statistics:

num_allocs_failed_limit: 0.
num_arena_births: 10.
num_arena_deaths: 0.
num_vsnodes_births: 2.
num_vsnodes_deaths: 0.
num_space_committed: 103.
num_space_uncommitted: 0.
num_chunks_returned_to_freelist: 0.
num_chunks_taken_from_freelist: 34.
num_chunk_merges: 0.
num_chunk_splits: 19.
num_chunks_enlarged: 16.
num_purges: 0.
num_inconsistent_stats: 0.

CodeHeap 'non-profiled nmethods': size=120000Kb used=115Kb max_used=115Kb free=119885Kb
 bounds [0x000001a733710000, 0x000001a733980000, 0x000001a73ac40000]
CodeHeap 'profiled nmethods': size=120000Kb used=510Kb max_used=510Kb free=119489Kb
 bounds [0x000001a72bc40000, 0x000001a72beb0000, 0x000001a733170000]
CodeHeap 'non-nmethods': size=5760Kb used=1111Kb max_used=1126Kb free=4648Kb
 bounds [0x000001a733170000, 0x000001a7333e0000, 0x000001a733710000]
 total_blobs=774 nmethods=394 adapters=295
 compilation: enabled
              stopped_count=0, restarted_count=0
 full_count=0

Compilation events (20 events):
Event: 1.080 Thread 0x000001a73e98d550  386       3       lombok.patcher.PatchScript::classMatches (41 bytes)
Event: 1.080 Thread 0x000001a73e98d550 nmethod 386 0x000001a72bcbb110 code [0x000001a72bcbb320, 0x000001a72bcbb968]
Event: 1.080 Thread 0x000001a73e98d550  385       3       lombok.patcher.scripts.MethodLevelPatchScript::patch (21 bytes)
Event: 1.081 Thread 0x000001a73e98d550 nmethod 385 0x000001a72bcbbb90 code [0x000001a72bcbbd40, 0x000001a72bcbbfb8]
Event: 1.081 Thread 0x000001a73e98d550  387       3       java.util.Collections$UnmodifiableCollection::iterator (9 bytes)
Event: 1.081 Thread 0x000001a73e98d550 nmethod 387 0x000001a72bcbc090 code [0x000001a72bcbc240, 0x000001a72bcbc568]
Event: 1.081 Thread 0x000001a73e98d550  388       3       java.util.Collections$UnmodifiableCollection$1::<init> (26 bytes)
Event: 1.081 Thread 0x000001a73e98d550 nmethod 388 0x000001a72bcbc690 code [0x000001a72bcbc840, 0x000001a72bcbcaa8]
Event: 1.082 Thread 0x000001a73e94bcf0  389       4       java.lang.StringLatin1::replace (198 bytes)
Event: 1.082 Thread 0x000001a73e98d550  390       3       java.lang.Class::getPackageName (81 bytes)
Event: 1.083 Thread 0x000001a73e98d550 nmethod 390 0x000001a72bcbcc10 code [0x000001a72bcbcea0, 0x000001a72bcbd908]
Event: 1.083 Thread 0x000001a73e98d550  391       3       java.lang.invoke.MethodType::equals (56 bytes)
Event: 1.084 Thread 0x000001a73e98d550 nmethod 391 0x000001a72bcbdd10 code [0x000001a72bcbdf40, 0x000001a72bcbea38]
Event: 1.093 Thread 0x000001a73e98d550  392       3       jdk.internal.misc.Unsafe::putReferenceRelease (9 bytes)
Event: 1.093 Thread 0x000001a73e98d550 nmethod 392 0x000001a72bcbec10 code [0x000001a72bcbeda0, 0x000001a72bcbeed8]
Event: 1.094 Thread 0x000001a73e94bcf0 nmethod 389 0x000001a73372c390 code [0x000001a73372c520, 0x000001a73372c998]
Event: 1.098 Thread 0x000001a73e98d550  394       3       java.util.concurrent.ConcurrentHashMap::setTabAt (20 bytes)
Event: 1.098 Thread 0x000001a73e98d550 nmethod 394 0x000001a72bcbef90 code [0x000001a72bcbf140, 0x000001a72bcbf348]
Event: 1.103 Thread 0x000001a73e98d550  395       3       java.lang.StringUTF16::compress (50 bytes)
Event: 1.103 Thread 0x000001a73e98d550 nmethod 395 0x000001a72bcbf410 code [0x000001a72bcbf5c0, 0x000001a72bcbf818]

GC Heap History (0 events):
No events

Dll operation events (8 events):
Event: 0.037 Loaded shared library d:\Users\parin5435\.vscode\extensions\redhat.java-1.16.0-win32-x64\jre\17.0.6-win32-x86_64\bin\java.dll
Event: 0.290 Loaded shared library d:\Users\parin5435\.vscode\extensions\redhat.java-1.16.0-win32-x64\jre\17.0.6-win32-x86_64\bin\zip.dll
Event: 0.301 Loaded shared library D:\Users\parin5435\.vscode\extensions\redhat.java-1.16.0-win32-x64\jre\17.0.6-win32-x86_64\bin\instrument.dll
Event: 0.325 Loaded shared library D:\Users\parin5435\.vscode\extensions\redhat.java-1.16.0-win32-x64\jre\17.0.6-win32-x86_64\bin\net.dll
Event: 0.334 Loaded shared library D:\Users\parin5435\.vscode\extensions\redhat.java-1.16.0-win32-x64\jre\17.0.6-win32-x86_64\bin\nio.dll
Event: 0.348 Loaded shared library D:\Users\parin5435\.vscode\extensions\redhat.java-1.16.0-win32-x64\jre\17.0.6-win32-x86_64\bin\zip.dll
Event: 0.375 Loaded shared library D:\Users\parin5435\.vscode\extensions\redhat.java-1.16.0-win32-x64\jre\17.0.6-win32-x86_64\bin\jimage.dll
Event: 0.570 Loaded shared library d:\Users\parin5435\.vscode\extensions\redhat.java-1.16.0-win32-x64\jre\17.0.6-win32-x86_64\bin\verify.dll

Deoptimization events (18 events):
Event: 1.076 Thread 0x000001a728fb8250 Uncommon trap: trap_request=0xffffff45 fr.pc=0x000001a73371bddc relative=0x000000000000005c
Event: 1.076 Thread 0x000001a728fb8250 Uncommon trap: reason=unstable_if action=reinterpret pc=0x000001a73371bddc method=java.lang.String.isLatin1()Z @ 10 c2
Event: 1.076 Thread 0x000001a728fb8250 DEOPT PACKING pc=0x000001a73371bddc sp=0x00000078db8fe430
Event: 1.076 Thread 0x000001a728fb8250 DEOPT UNPACKING pc=0x000001a7331c9ea3 sp=0x00000078db8fe3c0 mode 2
Event: 1.076 Thread 0x000001a728fb8250 Uncommon trap: trap_request=0xffffff45 fr.pc=0x000001a7337178f4 relative=0x0000000000000074
Event: 1.076 Thread 0x000001a728fb8250 Uncommon trap: reason=unstable_if action=reinterpret pc=0x000001a7337178f4 method=java.lang.String.isLatin1()Z @ 10 c2
Event: 1.076 Thread 0x000001a728fb8250 DEOPT PACKING pc=0x000001a7337178f4 sp=0x00000078db8fee30
Event: 1.076 Thread 0x000001a728fb8250 DEOPT UNPACKING pc=0x000001a7331c9ea3 sp=0x00000078db8fed70 mode 2
Event: 1.077 Thread 0x000001a728fb8250 DEOPT PACKING pc=0x000001a72bc5bb80 sp=0x00000078db8fd830
Event: 1.077 Thread 0x000001a728fb8250 DEOPT UNPACKING pc=0x000001a7331ca9e3 sp=0x00000078db8fccf0 mode 0
Event: 1.082 Thread 0x000001a728fb8250 DEOPT PACKING pc=0x000001a72bc5bb80 sp=0x00000078db8fc8d0
Event: 1.082 Thread 0x000001a728fb8250 DEOPT UNPACKING pc=0x000001a7331ca9e3 sp=0x00000078db8fbd90 mode 0
Event: 1.087 Thread 0x000001a728fb8250 DEOPT PACKING pc=0x000001a72bc5bb80 sp=0x00000078db8fa490
Event: 1.087 Thread 0x000001a728fb8250 DEOPT UNPACKING pc=0x000001a7331ca9e3 sp=0x00000078db8f9950 mode 0
Event: 1.087 Thread 0x000001a728fb8250 DEOPT PACKING pc=0x000001a72bc5bb80 sp=0x00000078db8fa4a0
Event: 1.087 Thread 0x000001a728fb8250 DEOPT UNPACKING pc=0x000001a7331ca9e3 sp=0x00000078db8f9960 mode 0
Event: 1.089 Thread 0x000001a728fb8250 DEOPT PACKING pc=0x000001a72bc5bb80 sp=0x00000078db8fb720
Event: 1.089 Thread 0x000001a728fb8250 DEOPT UNPACKING pc=0x000001a7331ca9e3 sp=0x00000078db8fabe0 mode 0

Classes unloaded (0 events):
No events

Classes redefined (0 events):
No events

Internal exceptions (2 events):
Event: 0.259 Thread 0x000001a728fb8250 Exception <a 'java/lang/NoSuchMethodError'{0x00000000eacb24e8}: 'void java.lang.invoke.DirectMethodHandle$Holder.invokeStatic(java.lang.Object, java.lang.Object, java.lang.Object)'> (0x00000000eacb24e8) 
thrown [s\src\hotspot\share\interpreter\linkResolver.cpp, line 759]
Event: 0.685 Thread 0x000001a728fb8250 Exception <a 'java/lang/reflect/InvocationTargetException'{0x00000000eaf78ea8}> (0x00000000eaf78ea8) 
thrown [s\src\hotspot\share\runtime\reflection.cpp, line 1121]

VM Operations (2 events):
Event: 0.265 Executing VM operation: HandshakeAllThreads
Event: 0.265 Executing VM operation: HandshakeAllThreads done

Events (20 events):
Event: 1.089 loading class java/security/Security$1
Event: 1.089 loading class java/security/Security$1 done
Event: 1.092 loading class java/util/Properties$LineReader
Event: 1.092 loading class java/util/Properties$LineReader done
Event: 1.106 loading class java/io/FileInputStream$1
Event: 1.106 loading class java/io/FileInputStream$1 done
Event: 1.107 loading class sun/security/provider/Sun
Event: 1.107 loading class sun/security/provider/Sun done
Event: 1.107 loading class sun/security/util/SecurityConstants
Event: 1.108 loading class sun/security/util/SecurityConstants done
Event: 1.108 loading class java/net/NetPermission
Event: 1.108 loading class java/net/NetPermission done
Event: 1.108 loading class java/security/SecurityPermission
Event: 1.108 loading class java/security/SecurityPermission done
Event: 1.108 loading class java/net/SocketPermission
Event: 1.108 loading class java/net/SocketPermission done
Event: 1.109 loading class sun/security/provider/SunEntries
Event: 1.109 loading class sun/security/provider/SunEntries done
Event: 1.109 loading class sun/security/provider/SunEntries$1
Event: 1.109 loading class sun/security/provider/SunEntries$1 done


Dynamic libraries:
0x00007ff6d60f0000 - 0x00007ff6d60fe000 	d:\Users\parin5435\.vscode\extensions\redhat.java-1.16.0-win32-x64\jre\17.0.6-win32-x86_64\bin\java.exe
0x00007ffa810c0000 - 0x00007ffa812c9000 	C:\WINDOWS\SYSTEM32\ntdll.dll
0x00007ffa80370000 - 0x00007ffa8042d000 	C:\WINDOWS\System32\KERNEL32.dll
0x00007ffa7e3c0000 - 0x00007ffa7e4c1000 	C:\Windows\system32\hmpalert.dll
0x00007ffa7e9a0000 - 0x00007ffa7ed14000 	C:\WINDOWS\System32\KERNELBASE.dll
0x00007ffa7e650000 - 0x00007ffa7e761000 	C:\WINDOWS\System32\ucrtbase.dll
0x00007ffa5a4f0000 - 0x00007ffa5a507000 	d:\Users\parin5435\.vscode\extensions\redhat.java-1.16.0-win32-x64\jre\17.0.6-win32-x86_64\bin\jli.dll
0x00007ffa80430000 - 0x00007ffa805dc000 	C:\WINDOWS\System32\USER32.dll
0x00007ffa7eeb0000 - 0x00007ffa7eed6000 	C:\WINDOWS\System32\win32u.dll
0x00007ffa7f170000 - 0x00007ffa7f199000 	C:\WINDOWS\System32\GDI32.dll
0x00007ffa7ed20000 - 0x00007ffa7ee32000 	C:\WINDOWS\System32\gdi32full.dll
0x00007ffa7e5b0000 - 0x00007ffa7e64d000 	C:\WINDOWS\System32\msvcp_win.dll
0x00007ffa5b640000 - 0x00007ffa5b659000 	d:\Users\parin5435\.vscode\extensions\redhat.java-1.16.0-win32-x64\jre\17.0.6-win32-x86_64\bin\VCRUNTIME140.dll
0x00007ffa57d20000 - 0x00007ffa57fc5000 	C:\WINDOWS\WinSxS\amd64_microsoft.windows.common-controls_6595b64144ccf1df_6.0.22000.120_none_9d947278b86cc467\COMCTL32.dll
0x00007ffa7f470000 - 0x00007ffa7f513000 	C:\WINDOWS\System32\msvcrt.dll
0x00007ffa80330000 - 0x00007ffa80361000 	C:\WINDOWS\System32\IMM32.DLL
0x00007ffa72d20000 - 0x00007ffa72d2c000 	d:\Users\parin5435\.vscode\extensions\redhat.java-1.16.0-win32-x64\jre\17.0.6-win32-x86_64\bin\vcruntime140_1.dll
0x00007ffa28530000 - 0x00007ffa285c1000 	d:\Users\parin5435\.vscode\extensions\redhat.java-1.16.0-win32-x64\jre\17.0.6-win32-x86_64\bin\msvcp140.dll
0x00007ff9eb700000 - 0x00007ff9ec347000 	d:\Users\parin5435\.vscode\extensions\redhat.java-1.16.0-win32-x64\jre\17.0.6-win32-x86_64\bin\server\jvm.dll
0x00007ffa80f70000 - 0x00007ffa8101e000 	C:\WINDOWS\System32\ADVAPI32.dll
0x00007ffa7f1a0000 - 0x00007ffa7f23e000 	C:\WINDOWS\System32\sechost.dll
0x00007ffa805e0000 - 0x00007ffa80700000 	C:\WINDOWS\System32\RPCRT4.dll
0x00007ffa78c10000 - 0x00007ffa78c43000 	C:\WINDOWS\SYSTEM32\WINMM.dll
0x00007ffa6b540000 - 0x00007ffa6b549000 	C:\WINDOWS\SYSTEM32\WSOCK32.dll
0x00007ffa7f580000 - 0x00007ffa7f5ef000 	C:\WINDOWS\System32\WS2_32.dll
0x00007ffa7a410000 - 0x00007ffa7a41a000 	C:\WINDOWS\SYSTEM32\VERSION.dll
0x00007ffa7d560000 - 0x00007ffa7d578000 	C:\WINDOWS\SYSTEM32\kernel.appcore.dll
0x00007ffa6c920000 - 0x00007ffa6c92a000 	d:\Users\parin5435\.vscode\extensions\redhat.java-1.16.0-win32-x64\jre\17.0.6-win32-x86_64\bin\jimage.dll
0x00007ffa7bfe0000 - 0x00007ffa7c201000 	C:\WINDOWS\SYSTEM32\DBGHELP.DLL
0x00007ffa71800000 - 0x00007ffa71831000 	C:\WINDOWS\SYSTEM32\dbgcore.DLL
0x00007ffa7eee0000 - 0x00007ffa7ef5f000 	C:\WINDOWS\System32\bcryptPrimitives.dll
0x00007ffa6a060000 - 0x00007ffa6a06e000 	d:\Users\parin5435\.vscode\extensions\redhat.java-1.16.0-win32-x64\jre\17.0.6-win32-x86_64\bin\instrument.dll
0x00007ffa537f0000 - 0x00007ffa53815000 	d:\Users\parin5435\.vscode\extensions\redhat.java-1.16.0-win32-x64\jre\17.0.6-win32-x86_64\bin\java.dll
0x00007ffa59b30000 - 0x00007ffa59b48000 	d:\Users\parin5435\.vscode\extensions\redhat.java-1.16.0-win32-x64\jre\17.0.6-win32-x86_64\bin\zip.dll
0x00007ffa7fa60000 - 0x00007ffa8020e000 	C:\WINDOWS\System32\SHELL32.dll
0x00007ffa7c5d0000 - 0x00007ffa7ce37000 	C:\WINDOWS\SYSTEM32\windows.storage.dll
0x00007ffa80720000 - 0x00007ffa80a98000 	C:\WINDOWS\System32\combase.dll
0x00007ffa7c460000 - 0x00007ffa7c5c6000 	C:\WINDOWS\SYSTEM32\wintypes.dll
0x00007ffa80cb0000 - 0x00007ffa80d9a000 	C:\WINDOWS\System32\SHCORE.dll
0x00007ffa81020000 - 0x00007ffa8107d000 	C:\WINDOWS\System32\shlwapi.dll
0x00007ffa7e4e0000 - 0x00007ffa7e501000 	C:\WINDOWS\SYSTEM32\profapi.dll
0x00007ffa548c0000 - 0x00007ffa548d9000 	D:\Users\parin5435\.vscode\extensions\redhat.java-1.16.0-win32-x64\jre\17.0.6-win32-x86_64\bin\net.dll
0x00007ffa795a0000 - 0x00007ffa796ac000 	C:\WINDOWS\SYSTEM32\WINHTTP.dll
0x00007ffa7d980000 - 0x00007ffa7d9e7000 	C:\WINDOWS\system32\mswsock.dll
0x00007ffa54630000 - 0x00007ffa54645000 	D:\Users\parin5435\.vscode\extensions\redhat.java-1.16.0-win32-x64\jre\17.0.6-win32-x86_64\bin\nio.dll
0x00007ffa68800000 - 0x00007ffa68810000 	d:\Users\parin5435\.vscode\extensions\redhat.java-1.16.0-win32-x64\jre\17.0.6-win32-x86_64\bin\verify.dll

dbghelp: loaded successfully - version: 4.0.5 - missing functions: none
symbol engine: initialized successfully - sym options: 0x614 - pdb path: .;d:\Users\parin5435\.vscode\extensions\redhat.java-1.16.0-win32-x64\jre\17.0.6-win32-x86_64\bin;C:\WINDOWS\SYSTEM32;C:\WINDOWS\WinSxS\amd64_microsoft.windows.common-controls_6595b64144ccf1df_6.0.22000.120_none_9d947278b86cc467;d:\Users\parin5435\.vscode\extensions\redhat.java-1.16.0-win32-x64\jre\17.0.6-win32-x86_64\bin\server

VM Arguments:
jvm_args: --add-modules=ALL-SYSTEM --add-opens=java.base/java.util=ALL-UNNAMED --add-opens=java.base/java.lang=ALL-UNNAMED --add-opens=java.base/sun.nio.fs=ALL-UNNAMED -Declipse.application=org.eclipse.jdt.ls.core.id1 -Dosgi.bundles.defaultStartLevel=4 -Declipse.product=org.eclipse.jdt.ls.core.product -Djava.import.generatesMetadataFilesAtProjectRoot=false -Dfile.encoding=utf8 -XX:+UseParallelGC -XX:GCTimeRatio=4 -XX:AdaptiveSizePolicyWeight=90 -Dsun.zip.disableMemoryMapping=true -Xmx1G -Xms100m -Xlog:disable -javaagent:d:\Users\parin5435\.vscode\extensions\redhat.java-1.16.0-win32-x64\lombok\lombok-1.18.24.jar -XX:+HeapDumpOnOutOfMemoryError -XX:HeapDumpPath=d:\Users\parin5435\AppData\Roaming\Code\User\workspaceStorage\5d96c069bd6834806d15f9ca08a3e1eb\redhat.java 
java_command: d:\Users\parin5435\.vscode\extensions\redhat.java-1.16.0-win32-x64\server\plugins\org.eclipse.equinox.launcher_1.6.400.v20210924-0641.jar -configuration d:\Users\parin5435\AppData\Roaming\Code\User\globalStorage\redhat.java\1.16.0\config_win -data d:\Users\parin5435\AppData\Roaming\Code\User\workspaceStorage\5d96c069bd6834806d15f9ca08a3e1eb\redhat.java\jdt_ws
java_class_path (initial): d:\Users\parin5435\.vscode\extensions\redhat.java-1.16.0-win32-x64\server\plugins\org.eclipse.equinox.launcher_1.6.400.v20210924-0641.jar
Launcher Type: SUN_STANDARD

[Global flags]
    uintx AdaptiveSizePolicyWeight                 = 90                                        {product} {command line}
     intx CICompilerCount                          = 4                                         {product} {ergonomic}
    uintx GCTimeRatio                              = 4                                         {product} {command line}
     bool HeapDumpOnOutOfMemoryError               = true                                   {manageable} {command line}
    ccstr HeapDumpPath                             = d:\Users\parin5435\AppData\Roaming\Code\User\workspaceStorage\5d96c069bd6834806d15f9ca08a3e1eb\redhat.java         {manageable} {command line}
   size_t InitialHeapSize                          = 104857600                                 {product} {command line}
   size_t MaxHeapSize                              = 1073741824                                {product} {command line}
   size_t MaxNewSize                               = 357564416                                 {product} {ergonomic}
   size_t MinHeapDeltaBytes                        = 524288                                    {product} {ergonomic}
   size_t MinHeapSize                              = 104857600                                 {product} {command line}
   size_t NewSize                                  = 34603008                                  {product} {ergonomic}
    uintx NonNMethodCodeHeapSize                   = 5839372                                {pd product} {ergonomic}
    uintx NonProfiledCodeHeapSize                  = 122909434                              {pd product} {ergonomic}
   size_t OldSize                                  = 70254592                                  {product} {ergonomic}
    uintx ProfiledCodeHeapSize                     = 122909434                              {pd product} {ergonomic}
    uintx ReservedCodeCacheSize                    = 251658240                              {pd product} {ergonomic}
     bool SegmentedCodeCache                       = true                                      {product} {ergonomic}
   size_t SoftMaxHeapSize                          = 1073741824                             {manageable} {ergonomic}
     bool UseCompressedClassPointers               = true                           {product lp64_product} {ergonomic}
     bool UseCompressedOops                        = true                           {product lp64_product} {ergonomic}
     bool UseLargePagesIndividualAllocation        = false                                  {pd product} {ergonomic}
     bool UseParallelGC                            = true                                      {product} {command line}

Logging:
Log output configuration:
 #0: stdout all=off uptime,level,tags
 #1: stderr all=off uptime,level,tags

Environment Variables:
JAVA_HOME=C:\Program Files\Java\jdk-17.0.5
PATH=G:\app\insolution\product\11.2.0\dbhome_1\bin;C:\Program Files\OpenJDK\jdk-8.0.262.10-hotspot\bin;C:\WINDOWS\system32;C:\WINDOWS;C:\WINDOWS\System32\Wbem;C:\WINDOWS\System32\WindowsPowerShell\v1.0\;C:\WINDOWS\System32\OpenSSH\;C:\Program Files\PuTTY\;F:\java\jdk1.8.0_281;F:\xampp\php;C:\ProgramData\ComposerSetup\bin;G:\software\Redis-x64-3.0.504;;C:\Program Files\Docker\Docker\resources\bin;C:\ProgramData\DockerDesktop\version-bin;C:\Program Files\TortoiseGit\bin;C:\Program Files (x86)\Microsoft SQL Server\100\Tools\Binn\;C:\Program Files\Microsoft SQL Server\100\Tools\Binn\;C:\Program Files\Microsoft SQL Server\100\DTS\Binn\;D:\;D:\Users\parin5435\AppData\Local\Microsoft\WindowsApps;D:\Users\parin5435\AppData\Local\Programs\Microsoft VS Code\bin;D:\Users\parin5435\AppData\Local\Programs\Git\cmd;D:\Users\parin5435\AppData\Roaming\npm
USERNAME=parin5435
OS=Windows_NT
PROCESSOR_IDENTIFIER=Intel64 Family 6 Model 126 Stepping 5, GenuineIntel
TMP=D:\Users\parin5435\AppData\Local\Temp
TEMP=D:\Users\parin5435\AppData\Local\Temp



---------------  S Y S T E M  ---------------

OS:
 Windows 11 , 64 bit Build 22000 (10.0.22000.434)
OS uptime: 35 days 9:13 hours
Hyper-V role detected

CPU: total 8 (initial active 8) (4 cores per cpu, 2 threads per core) family 6 model 126 stepping 5 microcode 0x86, cx8, cmov, fxsr, ht, mmx, 3dnowpref, sse, sse2, sse3, ssse3, sse4.1, sse4.2, popcnt, lzcnt, tsc, tscinvbit, avx, avx2, aes, erms, clmul, bmi1, bmi2, adx, avx512f, avx512dq, avx512cd, avx512bw, avx512vl, sha, fma, vzeroupper, avx512_vpopcntdq, avx512_vpclmulqdq, avx512_vaes, avx512_vnni, clflush, clflushopt, avx512_vbmi2, avx512_vbmi, hv

Memory: 4k page, system-wide physical 7987M (209M free)
TotalPageFile size 15753M (AvailPageFile size 0M)
current process WorkingSet (physical memory assigned to process): 42M, peak: 42M
current process commit charge ("private bytes"): 189M, peak: 189M

vm_info: OpenJDK 64-Bit Server VM (17.0.6+10) for windows-amd64 JRE (17.0.6+10), built on Jan 18 2023 10:08:59 by "temurin" with MS VC++ 16.7 (VS2019)

END.
